<?xml version="1.0" encoding="UTF-8"?>
<!-- Generated by org.testng.reporters.JUnitReportReporter -->
<testsuite hostname="DESKTOP-TVEH9QN" failures="0" tests="5" name="com.swaglabs.runners.TestRunner" time="75.257" errors="0" timestamp="2022-11-10T18:33:54 EST" skipped="0">
  <testcase classname="com.swaglabs.runners.TestRunner" name="runScenario" time="23.759"/>
  <system-out/>
  <testcase classname="com.swaglabs.runners.TestRunner" name="runScenario" time="3.226"/>
  <system-out/>
  <testcase classname="com.swaglabs.runners.TestRunner" name="runScenario" time="20.928"/>
  <system-out/>
  <testcase classname="com.swaglabs.runners.TestRunner" name="runScenario" time="8.629"/>
  <system-out/>
  <testcase classname="com.swaglabs.runners.TestRunner" name="runScenario" time="18.715"/>
  <system-out/>
</testsuite> <!-- com.swaglabs.runners.TestRunner -->
